<?xml version="1.0" encoding="UTF-8"?>
<!-- Generated by org.testng.reporters.JUnitReportReporter -->
<testsuite hostname="Khaeld" failures="0" tests="1" name="runners.TestRunner" time="17.220" errors="0" timestamp="2025-06-12T18:35:21 CST" skipped="0">
  <testcase classname="runners.TestRunner" name="runScenario" time="17.220"/>
</testsuite> <!-- runners.TestRunner -->
