<?xml version="1.0" encoding="UTF-8"?>
<!-- Generated by org.testng.reporters.JUnitReportReporter -->
<testsuite hostname="Khaeld" failures="0" tests="1" name="runners.TestRunner" time="25.419" errors="0" timestamp="2025-06-12T22:48:07 CST" skipped="0">
  <testcase classname="runners.TestRunner" name="runScenario" time="25.419"/>
</testsuite> <!-- runners.TestRunner -->
